548  cd /home/maximilianlj/Desktop/bashcrawl-stable-2024.02.09/entrance
  549  cat scroll
  550  ls
  551  cd cellar
  552  ls
  553  cat treasure
  554  ls
  555  cd armoury
  556  ls
  557  cd ..
  558  cat scrool
  559  cat scroll
  560  alias ls='ls -F'
  561  ls
  562  cd treasure
  563  cd armoury
  564  cat scroll
  565  ../treasury
  566  ./treasure
  567  export I=sword,$I
  568  echo $I
  569  ls
  570  cd ..
  571  ls
  572  treasure
  573  /treasure
  574  ls
  575  cd armoury/
  576  ls
  577  potion
  578  ./potion
  579  export HP=15
  580  echo $HP
  581  ls
  582  ./treasure 
  583  cd ..
  584  ./treasure 
  585  export I=amulet, $I
  586  export I=amulet,$I
  587  echo $I
  588  export I=sword,$I
  589  echo $I
  590  ls
  591  cd armoury/
  592  ls
  593  cd chamber/
  594  ls
  595  cat scroll 
  596  pwd
  597  ./spell 
  598  ln -fs ../../../chapel/courtyard/aviary/hall portal
  599  ls
  600  ./statue 
  601  let "HP=HP-5"
  602  ./treasure 
  603  export I=diamonds, $I
  604  echo $I
  605  export I=sword,$I
  606  export I=amulet,$I
  607  ls
  608  cd ....
  609  cd ...
  610  cd ..
  611  cd..
  612  ls
  613  cd ..
  614  ls
  615  cd ..
  616  ls
  617  cat scrap
  618  ln -s ../../../../.rift portal
  619  ls
  620  cd chapel/
  621  ls
  622  cat scroll 
  623  ls
  624  ./altar 
  625  cd courtyard/
  626  ls
  627  cat scroll 
  628  ./rags 
  629  export I=rags,fish,$I
  630  ls
  631  ./fountain 
  632  cd aviary/
  633  ls
  634  cat scroll 
  635  ./crystal 
  636  I=crystal,$I
  637  echo $I
  638  ./penguin 
  639  export I=$(sed "s/fish//; s/,,/,/" <<< $I)
  640  ls
  641  cd hall/
  642  ls
  643  ./monster 
  644  ls
  645  ./carcass 
  646  ./treasure 
  647  export I=crown,$I
  648  echo $I
  649  ls
  650  cd library/
  651  ls
  652  cat scroll 
  653  ./tome 
  654  alias ls='ls -F --color=auto'
  655  man dircolors
  656  ls
  657  cd ..
  658  cd /home/maximilianlj/Desktop/bashcrawl-stable-2024.02.09/entrance
  659  ls
  660  cd vault
  661  ls
  662  cat scroll 
  663  ./glass 
  664  export I=$(sed 's/crystal,//' <<< $I)
  665  ls
  666  cd stronghold/
  667  ls
  668  cat orb1 
  669  cat scroll 
  670  ls
  671  cp orb1 
  672  cp orb1 orb2
  673  cp orb1 orb3
  674  ls
  675  ./goblet 
  676  I=goblet$I
  677  echo $I
  678  ls
  679  cd nursery/
  680  ls
  681  cat scroll 
  682  ./spell 
  683  find . -name "potion"
  684  ls
  685  cd lab/
  686  ls
  687  cat scroll 
  688  ./ghost 
  689  ls
  690  ./treasure 
  691  I=emerald,$I
  692  echp $I
  693  echo $I
  694  ls
  695  ./platinum 
  696  I=platinum,$I
  697  echo $I
  698  ls
  699  cd ..
  700  cd /home/maximilianlj/Desktop/bashcrawl-stable-2024.02.09/entrance
  701  find . -name "potion"
  702  cd ./cellar/armoury/
  703  ls
  704  ./potion 
  705  cd /home/maximilianlj/Desktop/bashcrawl-stable-2024.02.09/entrance
  706  ls
  707  ./portal
  708  file portal
  709  cd portal
  710  cd /home/maximilianlj/Desktop/bashcrawl-stable-2024.02.09/entrance/.rift
  711  ls
  712  cat scroll 
  713  ./box
  714  ls
  715  cd arena/
  716  ls
  717  cat scroll 
  718  echo %HP
  719  echo $HP
  720  HP=200HP$
  721  echo $HP
  722  HP=200
  723  echo $HP
  724  ls
  725  cd pit/
  726  ls
  727  cat scroll 
  728  ./wizard-light 
  729  ./nyarlathotep 
  730  let HP=HP-30
  731  ls
  732  cat end
  733  cd ./entrance
  734  cd ../entrance
  735  cd ..../entrance
  736  cd /home/maximilianlj/Desktop/bashcrawl-stable-2024.02.09/entrance/.rift
  737  cd /home/maximilianlj/Desktop/bashcrawl-stable-2024.02.09/entrance/
  738  histoy -200 >> bashcrawl.log
  739  history -200 >> bashcrawl.log
  740  history -n 200 >> bashcrawl.log
  741  history -n 200 > bashcrawl.log
  742  history - 200
  743  history -n 200
  744  history
(base) maximilianlj@MLJ-Surface:~/Desktop/bashcrawl-stable-2024.02.09/entrance$  


